Arguments: 
  /usr/bin/node /usr/bin/yarn publish

PATH: 
  /usr/local/bin:/usr/local/sbin:/usr/bin:/usr/sbin:/bin:/sbin:/usr/local/git/bin:/home/a.maznyak/.local/bin:/home/a.maznyak/bin:/usr/local/git/bin:/home/a.maznyak/.local/bin:/home/a.maznyak/bin:/usr/local/git/bin

Yarn version: 
  1.3.2

Node version: 
  8.9.1

Platform: 
  linux x64

npm manifest: 
  {
    "name": "get-keycloak-public-key-with-agent",
    "version": "1.0.2",
    "description": "Fetches the openid-connect PEM public key for a specific KID for validating JWT provided by Keycloak.",
    "keywords": [
      "keycloak",
      "JWT",
      "PEM"
    ],
    "main": "index.js",
    "files": [
      "test.js"
    ],
    "repository": {
      "type": "git",
      "url": "https://github.com/aquator/node-get-keycloak-public-key.git"
    },
    "scripts": {
      "test": "tap test.js"
    },
    "author": "István Rábel <thraex.aquator@gmail.com>",
    "license": "MIT",
    "devDependencies": {
      "nock": "^9.0.14",
      "tap": "^10.7.2"
    }
  }

yarn manifest: 
  No manifest

Lockfile: 
  No lockfile

Trace: 
  Error: https://registry.yarnpkg.com/get-keycloak-public-key-with-agent: You cannot publish over the previously published version 1.0.2.
      at Request.params.callback [as _callback] (/usr/lib/node_modules/yarn/lib/cli.js:62098:18)
      at Request.self.callback (/usr/lib/node_modules/yarn/lib/cli.js:123085:22)
      at emitTwo (events.js:126:13)
      at Request.emit (events.js:214:7)
      at Request.<anonymous> (/usr/lib/node_modules/yarn/lib/cli.js:124068:10)
      at emitOne (events.js:116:13)
      at Request.emit (events.js:211:7)
      at Gunzip.<anonymous> (/usr/lib/node_modules/yarn/lib/cli.js:123988:12)
      at Object.onceWrapper (events.js:313:30)
      at emitNone (events.js:111:20)
